<?xml version="1.0" encoding="UTF-8"?>
<testsuite xmlns:xsi="http://www.w3.org/2001/XMLSchema-instance" xsi:noNamespaceSchemaLocation="https://maven.apache.org/surefire/maven-surefire-plugin/xsd/surefire-test-report-3.0.xsd" version="3.0" name="com.scaffold.template.ApplicationTests" time="4.322" tests="1" errors="0" skipped="0" failures="0">
  <properties>
[...]
</properties>
  <testcase name="contextLoads" classname="com.scaffold.template.ApplicationTests" time="0.283">
    <system-out><![CDATA[20:51:33.984 [main] INFO org.springframework.test.context.support.AnnotationConfigContextLoaderUtils -- Could not detect default configuration classes for test class [com.scaffold.template.ApplicationTests]: ApplicationTests does not declare any static, non-private, non-final, nested classes annotated with @Configuration.
20:51:34.065 [main] INFO org.springframework.boot.test.context.SpringBootTestContextBootstrapper -- Found @SpringBootConfiguration com.scaffold.template.Application for test class com.scaffold.template.ApplicationTests
  .   ____          _            __ _ _
 /\\ / ___'_ __ _ _(_)_ __  __ _ \ \ \ \
( ( )\___ | '_ | '_| | '_ \/ _` | \ \ \ \
 \\/  ___)| |_)| | | | | || (_| |  ) ) ) )
  '  |____| .__|_| |_|_| |_\__, | / / / /
 =========|_|==============|___/=/_/_/_/

 :: Spring Boot ::                (v3.3.0)

2025-05-13T20:51:34.393-03:00  INFO 11024 --- [template] [           main] com.scaffold.template.ApplicationTests   : Starting ApplicationTests using Java 17.0.12 with PID 11024 (started by Esteban in C:\Users\Esteban\Desktop\405226_WorktimeCheck\Backend)
2025-05-13T20:51:34.394-03:00  INFO 11024 --- [template] [           main] com.scaffold.template.ApplicationTests   : No active profile set, falling back to 1 default profile: "default"
2025-05-13T20:51:35.026-03:00  INFO 11024 --- [template] [           main] .s.d.r.c.RepositoryConfigurationDelegate : Bootstrapping Spring Data JPA repositories in DEFAULT mode.
2025-05-13T20:51:35.074-03:00  INFO 11024 --- [template] [           main] .s.d.r.c.RepositoryConfigurationDelegate : Finished Spring Data repository scanning in 44 ms. Found 3 JPA repository interfaces.
2025-05-13T20:51:35.408-03:00  INFO 11024 --- [template] [           main] com.zaxxer.hikari.HikariDataSource       : HikariPool-1 - Starting...
2025-05-13T20:51:35.563-03:00  INFO 11024 --- [template] [           main] com.zaxxer.hikari.pool.HikariPool        : HikariPool-1 - Added connection conn0: url=jdbc:h2:mem:test user=SA
2025-05-13T20:51:35.563-03:00  INFO 11024 --- [template] [           main] com.zaxxer.hikari.HikariDataSource       : HikariPool-1 - Start completed.
2025-05-13T20:51:35.604-03:00  INFO 11024 --- [template] [           main] o.hibernate.jpa.internal.util.LogHelper  : HHH000204: Processing PersistenceUnitInfo [name: default]
2025-05-13T20:51:35.673-03:00  INFO 11024 --- [template] [           main] org.hibernate.Version                    : HHH000412: Hibernate ORM core version 6.5.2.Final
2025-05-13T20:51:35.709-03:00  INFO 11024 --- [template] [           main] o.h.c.internal.RegionFactoryInitiator    : HHH000026: Second-level cache disabled
2025-05-13T20:51:35.993-03:00  INFO 11024 --- [template] [           main] o.s.o.j.p.SpringPersistenceUnitInfo      : No LoadTimeWeaver setup: ignoring JPA class transformer
2025-05-13T20:51:36.031-03:00  WARN 11024 --- [template] [           main] org.hibernate.orm.deprecation            : HHH90000025: H2Dialect does not need to be specified explicitly using 'hibernate.dialect' (remove the property setting and it will be selected by default)
2025-05-13T20:51:36.657-03:00  INFO 11024 --- [template] [           main] o.h.e.t.j.p.i.JtaPlatformInitiator       : HHH000489: No JTA platform available (set 'hibernate.transaction.jta.platform' to enable JTA platform integration)
Hibernate: drop table if exists areas cascade 
Hibernate: drop table if exists employee_shifts cascade 
Hibernate: drop table if exists employees cascade 
Hibernate: drop table if exists users cascade 
Hibernate: create table areas (area_auduser bigint not null, area_id bigint generated by default as identity, area_state bigint not null, area_description varchar(255) not null, primary key (area_id))
Hibernate: create table employee_shifts (shift_entry time(6) not null, shift_exit time(6) not null, employee_id bigint not null, shift_auduser bigint not null, shift_duration bigint, shift_id bigint generated by default as identity, shift_state bigint not null, shift_day varchar(20) not null, primary key (shift_id))
Hibernate: create table employees (area_id bigint not null, employee_auduser bigint not null, employee_id bigint generated by default as identity, employee_state bigint not null, employee_document varchar(255) not null, employee_name varchar(255) not null, employee_surname varchar(255) not null, primary key (employee_id))
Hibernate: create table users (user_aud_user bigint, user_id bigint generated by default as identity, user_state bigint, user_email varchar(255), user_name varchar(255), user_password varchar(255), primary key (user_id))
Hibernate: alter table if exists employees add constraint FKsiu4nbgx5237dnk31lder8h0y foreign key (area_id) references areas
2025-05-13T20:51:36.693-03:00  INFO 11024 --- [template] [           main] j.LocalContainerEntityManagerFactoryBean : Initialized JPA EntityManagerFactory for persistence unit 'default'
2025-05-13T20:51:36.871-03:00  INFO 11024 --- [template] [           main] o.s.d.j.r.query.QueryEnhancerFactory     : Hibernate is in classpath; If applicable, HQL parser will be used.
2025-05-13T20:51:37.243-03:00  INFO 11024 --- [template] [           main] f.a.AutowiredAnnotationBeanPostProcessor : Autowired annotation is not supported on static fields: private static final java.lang.String com.scaffold.template.services.impl.JwtService.SECRET
2025-05-13T20:51:37.353-03:00  WARN 11024 --- [template] [           main] JpaBaseConfiguration$JpaWebConfiguration : spring.jpa.open-in-view is enabled by default. Therefore, database queries may be performed during view rendering. Explicitly configure spring.jpa.open-in-view to disable this warning
2025-05-13T20:51:37.583-03:00  INFO 11024 --- [template] [           main] o.s.s.web.DefaultSecurityFilterChain     : Will secure any request with [org.springframework.security.web.session.DisableEncodeUrlFilter@4a544672, org.springframework.security.web.context.request.async.WebAsyncManagerIntegrationFilter@23d16a81, org.springframework.security.web.context.SecurityContextHolderFilter@4e31229f, org.springframework.security.web.header.HeaderWriterFilter@26204f8f, org.springframework.web.filter.CorsFilter@5dd3841, org.springframework.security.web.csrf.CsrfFilter@3808bdfc, org.springframework.security.web.authentication.logout.LogoutFilter@2fc378cd, org.springframework.security.web.authentication.UsernamePasswordAuthenticationFilter@2b85fc, org.springframework.security.web.authentication.ui.DefaultLoginPageGeneratingFilter@4baf0b7f, org.springframework.security.web.authentication.ui.DefaultLogoutPageGeneratingFilter@6b6dce39, org.springframework.security.web.authentication.www.BasicAuthenticationFilter@53a74970, org.springframework.security.web.savedrequest.RequestCacheAwareFilter@31330344, org.springframework.security.web.servletapi.SecurityContextHolderAwareRequestFilter@40c858fc, org.springframework.security.web.authentication.AnonymousAuthenticationFilter@3e272f0, org.springframework.security.web.access.ExceptionTranslationFilter@2662997a, org.springframework.security.web.access.intercept.AuthorizationFilter@1d413e98]
2025-05-13T20:51:37.819-03:00  INFO 11024 --- [template] [           main] o.s.b.a.h2.H2ConsoleAutoConfiguration    : H2 console available at '/h2-console'. Database available at 'jdbc:h2:mem:test'
2025-05-13T20:51:37.871-03:00  INFO 11024 --- [template] [           main] com.scaffold.template.ApplicationTests   : Started ApplicationTests in 3.665 seconds (process running for 4.4)
]]></system-out>
  </testcase>
</testsuite>